<?xml version="1.0" encoding="UTF-8"?>
<testsuite xmlns:xsi="http://www.w3.org/2001/XMLSchema-instance" xsi:noNamespaceSchemaLocation="https://maven.apache.org/surefire/maven-surefire-plugin/xsd/surefire-test-report.xsd" name="TestApp" time="0.751" tests="4" errors="0" skipped="0" failures="0">
  <properties>
[...]
</properties>
  <testcase name="testDownloadServlet" classname="TestApp" time="0.688"/>
  <testcase name="TestUserName" classname="TestApp" time="0"/>
  <testcase name="testServlet" classname="TestApp" time="0.002"/>
  <testcase name="testSocket" classname="TestApp" time="0.001"/>
</testsuite>